<?xml version="1.0" encoding="UTF-8"?>
<testsuite xmlns:xsi="http://www.w3.org/2001/XMLSchema-instance" xsi:noNamespaceSchemaLocation="https://maven.apache.org/surefire/maven-surefire-plugin/xsd/surefire-test-report-3.0.xsd" version="3.0" name="com.unifiz.ecommerce.discount.integration.DiscountServiceIntegrationTest" time="1.323" tests="8" errors="0" skipped="0" failures="0">
  <properties>
[...]
</properties>
  <testcase name="shouldHandleDiscountStackingOrderCorrectly" classname="com.unifiz.ecommerce.discount.integration.DiscountServiceIntegrationTest" time="0.47">
    <system-out><![CDATA[16:52:52.406 [main] INFO org.springframework.test.context.support.AnnotationConfigContextLoaderUtils -- Could not detect default configuration classes for test class [com.unifiz.ecommerce.discount.integration.DiscountServiceIntegrationTest]: DiscountServiceIntegrationTest does not declare any static, non-private, non-final, nested classes annotated with @Configuration.
16:52:52.455 [main] INFO org.springframework.boot.test.context.SpringBootTestContextBootstrapper -- Found @SpringBootConfiguration com.unifiz.ecommerce.discount.EcommerceDiscountServiceApplication for test class com.unifiz.ecommerce.discount.integration.DiscountServiceIntegrationTest
16:52:52.526 [main] INFO org.springframework.boot.devtools.restart.RestartApplicationListener -- Restart disabled due to context in which it is running
16:52:52.671 [main] INFO  c.u.e.d.i.DiscountServiceIntegrationTest - Starting DiscountServiceIntegrationTest using Java 17.0.10 with PID 92218 (started by shivamjoshi in /Users/shivamjoshi/Desktop/UnifizAssignment)
16:52:52.672 [main] DEBUG c.u.e.d.i.DiscountServiceIntegrationTest - Running with Spring Boot v3.2.0, Spring v6.1.1
16:52:52.672 [main] INFO  c.u.e.d.i.DiscountServiceIntegrationTest - The following 1 profile is active: "test"
16:52:53.147 [main] INFO  c.u.e.d.i.DiscountServiceIntegrationTest - Started DiscountServiceIntegrationTest in 0.627 seconds (process running for 1.093)
✅ Test discount rules initialized successfully!
📋 Available discount scenarios:
   - PUMA40: 40% off on PUMA products
   - TSHIRT10: 10% off on T-shirts
   - ICICI10: 10% instant discount with ICICI cards
   - SUPER69: 69% off voucher for Gold/Platinum customers
   - NIKE30: 30% off on Nike products
   - HDFC15: 15% instant discount with HDFC cards
   - SHOES15: 15% off on Shoes
]]></system-out>
  </testcase>
  <testcase name="shouldValidateSuper69VoucherForEligibleCustomer" classname="com.unifiz.ecommerce.discount.integration.DiscountServiceIntegrationTest" time="0.002"/>
  <testcase name="shouldHandleNoDiscountsScenarioGracefully" classname="com.unifiz.ecommerce.discount.integration.DiscountServiceIntegrationTest" time="0.001"/>
  <testcase name="shouldApplySuper69VoucherCorrectly" classname="com.unifiz.ecommerce.discount.integration.DiscountServiceIntegrationTest" time="0.001"/>
  <testcase name="shouldHandleMixedCartWithMultipleBrandsAndCategories" classname="com.unifiz.ecommerce.discount.integration.DiscountServiceIntegrationTest" time="0.001"/>
  <testcase name="shouldHandleMaximumDiscountCapsCorrectly" classname="com.unifiz.ecommerce.discount.integration.DiscountServiceIntegrationTest" time="0.001"/>
  <testcase name="shouldRejectInvalidVoucherCodes" classname="com.unifiz.ecommerce.discount.integration.DiscountServiceIntegrationTest" time="0.001"/>
  <testcase name="shouldHandleCompletePumaTshirtScenarioWithAllDiscounts" classname="com.unifiz.ecommerce.discount.integration.DiscountServiceIntegrationTest" time="0.002"/>
</testsuite>